[2023-08-24 02:12:59,962][pytorch_lightning.utilities.rank_zero][INFO] - GPU available: True (cuda), used: True
[2023-08-24 02:12:59,979][pytorch_lightning.utilities.rank_zero][INFO] - TPU available: False, using: 0 TPU cores
[2023-08-24 02:12:59,979][pytorch_lightning.utilities.rank_zero][INFO] - IPU available: False, using: 0 IPUs
[2023-08-24 02:12:59,979][pytorch_lightning.utilities.rank_zero][INFO] - HPU available: False, using: 0 HPUs
[2023-08-24 02:12:59,993][pytorch_lightning.loggers.tensorboard][WARNING] - Missing logger folder: ../logs/..//directory_exp1_date_Aug24_02-12-58/lightning_logs
[2023-08-24 02:12:59,995][pytorch_lightning.accelerators.cuda][INFO] - LOCAL_RANK: 0 - CUDA_VISIBLE_DEVICES: [0]
[2023-08-24 02:12:59,999][pytorch_lightning.callbacks.model_summary][INFO] - 
   | Name                     | Type                       | Params
-------------------------------------------------------------------------
0  | net                      | DinoFeaturizer             | 21.9 M
1  | train_cluster_probe      | ClusterLookup              | 140   
2  | cluster_probe            | ClusterLookup              | 140   
3  | linear_probe             | Conv2d                     | 142   
4  | decoder                  | Conv2d                     | 27.3 K
5  | cluster_metrics          | UnsupervisedMetrics        | 0     
6  | linear_metrics           | UnsupervisedMetrics        | 0     
7  | test_cluster_metrics     | UnsupervisedMetrics        | 0     
8  | test_linear_metrics      | UnsupervisedMetrics        | 0     
9  | linear_probe_loss_fn     | CrossEntropyLoss           | 0     
10 | crf_loss_fn              | ContrastiveCRFLoss         | 0     
11 | contrastive_corr_loss_fn | ContrastiveCorrelationLoss | 0     
-------------------------------------------------------------------------
229 K     Trainable params
21.7 M    Non-trainable params
21.9 M    Total params
87.599    Total estimated model params size (MB)
[2023-08-24 14:16:43,916][pytorch_lightning.utilities.rank_zero][INFO] - GPU available: True (cuda), used: True
[2023-08-24 14:16:43,936][pytorch_lightning.utilities.rank_zero][INFO] - TPU available: False, using: 0 TPU cores
[2023-08-24 14:16:43,936][pytorch_lightning.utilities.rank_zero][INFO] - IPU available: False, using: 0 IPUs
[2023-08-24 14:16:43,936][pytorch_lightning.utilities.rank_zero][INFO] - HPU available: False, using: 0 HPUs
[2023-08-24 14:16:43,938][pytorch_lightning.loggers.tensorboard][WARNING] - Missing logger folder: ../logs/..//directory_exp1_date_Aug24_14-16-42/lightning_logs
[2023-08-24 14:16:43,940][pytorch_lightning.accelerators.cuda][INFO] - LOCAL_RANK: 0 - CUDA_VISIBLE_DEVICES: [0]
[2023-08-24 14:16:43,944][pytorch_lightning.callbacks.model_summary][INFO] - 
   | Name                     | Type                       | Params
-------------------------------------------------------------------------
0  | net                      | DinoFeaturizer             | 21.9 M
1  | train_cluster_probe      | ClusterLookup              | 140   
2  | cluster_probe            | ClusterLookup              | 140   
3  | linear_probe             | Conv2d                     | 142   
4  | decoder                  | Conv2d                     | 27.3 K
5  | cluster_metrics          | UnsupervisedMetrics        | 0     
6  | linear_metrics           | UnsupervisedMetrics        | 0     
7  | test_cluster_metrics     | UnsupervisedMetrics        | 0     
8  | test_linear_metrics      | UnsupervisedMetrics        | 0     
9  | linear_probe_loss_fn     | CrossEntropyLoss           | 0     
10 | crf_loss_fn              | ContrastiveCRFLoss         | 0     
11 | contrastive_corr_loss_fn | ContrastiveCorrelationLoss | 0     
-------------------------------------------------------------------------
229 K     Trainable params
21.7 M    Non-trainable params
21.9 M    Total params
87.599    Total estimated model params size (MB)
[2023-08-24 14:22:25,364][pytorch_lightning.utilities.rank_zero][INFO] - GPU available: True (cuda), used: True
[2023-08-24 14:22:25,381][pytorch_lightning.utilities.rank_zero][INFO] - TPU available: False, using: 0 TPU cores
[2023-08-24 14:22:25,381][pytorch_lightning.utilities.rank_zero][INFO] - IPU available: False, using: 0 IPUs
[2023-08-24 14:22:25,381][pytorch_lightning.utilities.rank_zero][INFO] - HPU available: False, using: 0 HPUs
[2023-08-24 14:22:25,382][pytorch_lightning.loggers.tensorboard][WARNING] - Missing logger folder: ../logs/..//directory_exp1_date_Aug24_14-22-24/lightning_logs
[2023-08-24 14:22:25,384][pytorch_lightning.accelerators.cuda][INFO] - LOCAL_RANK: 0 - CUDA_VISIBLE_DEVICES: [0]
[2023-08-24 14:22:25,388][pytorch_lightning.callbacks.model_summary][INFO] - 
   | Name                     | Type                       | Params
-------------------------------------------------------------------------
0  | net                      | DinoFeaturizer             | 21.9 M
1  | train_cluster_probe      | ClusterLookup              | 140   
2  | cluster_probe            | ClusterLookup              | 140   
3  | linear_probe             | Conv2d                     | 142   
4  | decoder                  | Conv2d                     | 27.3 K
5  | cluster_metrics          | UnsupervisedMetrics        | 0     
6  | linear_metrics           | UnsupervisedMetrics        | 0     
7  | test_cluster_metrics     | UnsupervisedMetrics        | 0     
8  | test_linear_metrics      | UnsupervisedMetrics        | 0     
9  | linear_probe_loss_fn     | CrossEntropyLoss           | 0     
10 | crf_loss_fn              | ContrastiveCRFLoss         | 0     
11 | contrastive_corr_loss_fn | ContrastiveCorrelationLoss | 0     
-------------------------------------------------------------------------
229 K     Trainable params
21.7 M    Non-trainable params
21.9 M    Total params
87.599    Total estimated model params size (MB)
[2023-08-24 14:26:18,136][pytorch_lightning.utilities.rank_zero][INFO] - GPU available: True (cuda), used: True
[2023-08-24 14:26:18,156][pytorch_lightning.utilities.rank_zero][INFO] - TPU available: False, using: 0 TPU cores
[2023-08-24 14:26:18,156][pytorch_lightning.utilities.rank_zero][INFO] - IPU available: False, using: 0 IPUs
[2023-08-24 14:26:18,156][pytorch_lightning.utilities.rank_zero][INFO] - HPU available: False, using: 0 HPUs
[2023-08-24 14:26:18,158][pytorch_lightning.loggers.tensorboard][WARNING] - Missing logger folder: ../logs/..//directory_exp1_date_Aug24_14-26-16/lightning_logs
[2023-08-24 14:26:18,160][pytorch_lightning.accelerators.cuda][INFO] - LOCAL_RANK: 0 - CUDA_VISIBLE_DEVICES: [0]
[2023-08-24 14:26:18,163][pytorch_lightning.callbacks.model_summary][INFO] - 
   | Name                     | Type                       | Params
-------------------------------------------------------------------------
0  | net                      | DinoFeaturizer             | 21.9 M
1  | train_cluster_probe      | ClusterLookup              | 140   
2  | cluster_probe            | ClusterLookup              | 140   
3  | linear_probe             | Conv2d                     | 142   
4  | decoder                  | Conv2d                     | 27.3 K
5  | cluster_metrics          | UnsupervisedMetrics        | 0     
6  | linear_metrics           | UnsupervisedMetrics        | 0     
7  | test_cluster_metrics     | UnsupervisedMetrics        | 0     
8  | test_linear_metrics      | UnsupervisedMetrics        | 0     
9  | linear_probe_loss_fn     | CrossEntropyLoss           | 0     
10 | crf_loss_fn              | ContrastiveCRFLoss         | 0     
11 | contrastive_corr_loss_fn | ContrastiveCorrelationLoss | 0     
-------------------------------------------------------------------------
229 K     Trainable params
21.7 M    Non-trainable params
21.9 M    Total params
87.599    Total estimated model params size (MB)
[2023-08-24 14:26:37,934][pytorch_lightning.utilities.rank_zero][INFO] - GPU available: True (cuda), used: True
[2023-08-24 14:26:37,955][pytorch_lightning.utilities.rank_zero][INFO] - TPU available: False, using: 0 TPU cores
[2023-08-24 14:26:37,955][pytorch_lightning.utilities.rank_zero][INFO] - IPU available: False, using: 0 IPUs
[2023-08-24 14:26:37,955][pytorch_lightning.utilities.rank_zero][INFO] - HPU available: False, using: 0 HPUs
[2023-08-24 14:26:37,956][pytorch_lightning.loggers.tensorboard][WARNING] - Missing logger folder: ../logs/..//directory_exp1_date_Aug24_14-26-36/lightning_logs
[2023-08-24 14:26:37,959][pytorch_lightning.accelerators.cuda][INFO] - LOCAL_RANK: 0 - CUDA_VISIBLE_DEVICES: [0]
[2023-08-24 14:26:37,962][pytorch_lightning.callbacks.model_summary][INFO] - 
   | Name                     | Type                       | Params
-------------------------------------------------------------------------
0  | net                      | DinoFeaturizer             | 21.9 M
1  | train_cluster_probe      | ClusterLookup              | 140   
2  | cluster_probe            | ClusterLookup              | 140   
3  | linear_probe             | Conv2d                     | 142   
4  | decoder                  | Conv2d                     | 27.3 K
5  | cluster_metrics          | UnsupervisedMetrics        | 0     
6  | linear_metrics           | UnsupervisedMetrics        | 0     
7  | test_cluster_metrics     | UnsupervisedMetrics        | 0     
8  | test_linear_metrics      | UnsupervisedMetrics        | 0     
9  | linear_probe_loss_fn     | CrossEntropyLoss           | 0     
10 | crf_loss_fn              | ContrastiveCRFLoss         | 0     
11 | contrastive_corr_loss_fn | ContrastiveCorrelationLoss | 0     
-------------------------------------------------------------------------
229 K     Trainable params
21.7 M    Non-trainable params
21.9 M    Total params
87.599    Total estimated model params size (MB)
[2023-08-24 14:28:15,995][pytorch_lightning.utilities.rank_zero][INFO] - GPU available: True (cuda), used: True
[2023-08-24 14:28:16,021][pytorch_lightning.utilities.rank_zero][INFO] - TPU available: False, using: 0 TPU cores
[2023-08-24 14:28:16,022][pytorch_lightning.utilities.rank_zero][INFO] - IPU available: False, using: 0 IPUs
[2023-08-24 14:28:16,022][pytorch_lightning.utilities.rank_zero][INFO] - HPU available: False, using: 0 HPUs
[2023-08-24 14:28:16,024][pytorch_lightning.loggers.tensorboard][WARNING] - Missing logger folder: ../logs/..//directory_exp1_date_Aug24_14-28-14/lightning_logs
[2023-08-24 14:28:16,029][pytorch_lightning.accelerators.cuda][INFO] - LOCAL_RANK: 0 - CUDA_VISIBLE_DEVICES: [0]
[2023-08-24 14:28:16,037][pytorch_lightning.callbacks.model_summary][INFO] - 
   | Name                     | Type                       | Params
-------------------------------------------------------------------------
0  | net                      | DinoFeaturizer             | 21.9 M
1  | train_cluster_probe      | ClusterLookup              | 140   
2  | cluster_probe            | ClusterLookup              | 140   
3  | linear_probe             | Conv2d                     | 142   
4  | decoder                  | Conv2d                     | 27.3 K
5  | cluster_metrics          | UnsupervisedMetrics        | 0     
6  | linear_metrics           | UnsupervisedMetrics        | 0     
7  | test_cluster_metrics     | UnsupervisedMetrics        | 0     
8  | test_linear_metrics      | UnsupervisedMetrics        | 0     
9  | linear_probe_loss_fn     | CrossEntropyLoss           | 0     
10 | crf_loss_fn              | ContrastiveCRFLoss         | 0     
11 | contrastive_corr_loss_fn | ContrastiveCorrelationLoss | 0     
-------------------------------------------------------------------------
229 K     Trainable params
21.7 M    Non-trainable params
21.9 M    Total params
87.599    Total estimated model params size (MB)
[2023-08-24 14:30:02,687][pytorch_lightning.utilities.rank_zero][INFO] - GPU available: True (cuda), used: True
[2023-08-24 14:30:02,715][pytorch_lightning.utilities.rank_zero][INFO] - TPU available: False, using: 0 TPU cores
[2023-08-24 14:30:02,715][pytorch_lightning.utilities.rank_zero][INFO] - IPU available: False, using: 0 IPUs
[2023-08-24 14:30:02,715][pytorch_lightning.utilities.rank_zero][INFO] - HPU available: False, using: 0 HPUs
[2023-08-24 14:30:02,716][pytorch_lightning.loggers.tensorboard][WARNING] - Missing logger folder: ../logs/..//directory_exp1_date_Aug24_14-30-01/lightning_logs
[2023-08-24 14:30:02,718][pytorch_lightning.accelerators.cuda][INFO] - LOCAL_RANK: 0 - CUDA_VISIBLE_DEVICES: [0]
[2023-08-24 14:30:02,722][pytorch_lightning.callbacks.model_summary][INFO] - 
   | Name                     | Type                       | Params
-------------------------------------------------------------------------
0  | net                      | DinoFeaturizer             | 21.9 M
1  | train_cluster_probe      | ClusterLookup              | 140   
2  | cluster_probe            | ClusterLookup              | 140   
3  | linear_probe             | Conv2d                     | 142   
4  | decoder                  | Conv2d                     | 27.3 K
5  | cluster_metrics          | UnsupervisedMetrics        | 0     
6  | linear_metrics           | UnsupervisedMetrics        | 0     
7  | test_cluster_metrics     | UnsupervisedMetrics        | 0     
8  | test_linear_metrics      | UnsupervisedMetrics        | 0     
9  | linear_probe_loss_fn     | CrossEntropyLoss           | 0     
10 | crf_loss_fn              | ContrastiveCRFLoss         | 0     
11 | contrastive_corr_loss_fn | ContrastiveCorrelationLoss | 0     
-------------------------------------------------------------------------
229 K     Trainable params
21.7 M    Non-trainable params
21.9 M    Total params
87.599    Total estimated model params size (MB)
[2023-08-24 14:30:07,548][tensorboardX.x2num][WARNING] - NaN or Inf found in input tensor.
[2023-08-24 14:30:07,549][tensorboardX.x2num][WARNING] - NaN or Inf found in input tensor.
[2023-08-24 14:30:07,549][tensorboardX.x2num][WARNING] - NaN or Inf found in input tensor.
[2023-08-24 14:30:07,549][tensorboardX.x2num][WARNING] - NaN or Inf found in input tensor.
[2023-08-24 17:48:43,567][pytorch_lightning.utilities.rank_zero][INFO] - GPU available: True (cuda), used: True
[2023-08-24 17:48:43,586][pytorch_lightning.utilities.rank_zero][INFO] - TPU available: False, using: 0 TPU cores
[2023-08-24 17:48:43,586][pytorch_lightning.utilities.rank_zero][INFO] - IPU available: False, using: 0 IPUs
[2023-08-24 17:48:43,586][pytorch_lightning.utilities.rank_zero][INFO] - HPU available: False, using: 0 HPUs
[2023-08-24 17:48:43,588][pytorch_lightning.loggers.tensorboard][WARNING] - Missing logger folder: ../logs/..//directory_exp1_date_Aug24_17-48-42/lightning_logs
[2023-08-24 17:48:43,590][pytorch_lightning.accelerators.cuda][INFO] - LOCAL_RANK: 0 - CUDA_VISIBLE_DEVICES: [0]
[2023-08-24 17:48:43,594][pytorch_lightning.callbacks.model_summary][INFO] - 
   | Name                     | Type                       | Params
-------------------------------------------------------------------------
0  | net                      | DinoFeaturizer             | 21.9 M
1  | train_cluster_probe      | ClusterLookup              | 140   
2  | cluster_probe            | ClusterLookup              | 140   
3  | linear_probe             | Conv2d                     | 142   
4  | decoder                  | Conv2d                     | 27.3 K
5  | cluster_metrics          | UnsupervisedMetrics        | 0     
6  | linear_metrics           | UnsupervisedMetrics        | 0     
7  | test_cluster_metrics     | UnsupervisedMetrics        | 0     
8  | test_linear_metrics      | UnsupervisedMetrics        | 0     
9  | linear_probe_loss_fn     | CrossEntropyLoss           | 0     
10 | crf_loss_fn              | ContrastiveCRFLoss         | 0     
11 | contrastive_corr_loss_fn | ContrastiveCorrelationLoss | 0     
-------------------------------------------------------------------------
229 K     Trainable params
21.7 M    Non-trainable params
21.9 M    Total params
87.599    Total estimated model params size (MB)
[2023-08-24 17:48:48,700][tensorboardX.x2num][WARNING] - NaN or Inf found in input tensor.
[2023-08-24 17:48:48,700][tensorboardX.x2num][WARNING] - NaN or Inf found in input tensor.
[2023-08-24 17:48:48,700][tensorboardX.x2num][WARNING] - NaN or Inf found in input tensor.
[2023-08-24 17:48:48,700][tensorboardX.x2num][WARNING] - NaN or Inf found in input tensor.
